<?xml version="1.0" encoding="UTF-8"?>
<testsuite xmlns:xsi="http://www.w3.org/2001/XMLSchema-instance" xsi:noNamespaceSchemaLocation="https://maven.apache.org/surefire/maven-surefire-plugin/xsd/surefire-test-report-3.0.xsd" version="3.0" name="com.demo.ProductServiceTest" time="0.23" tests="3" errors="0" skipped="0" failures="0">
  <properties>
[...]
</properties>
  <testcase name="testAddInvalidProduct" classname="com.demo.ProductServiceTest" time="0.132"/>
  <testcase name="testAddValidProduct" classname="com.demo.ProductServiceTest" time="0.001"/>
  <testcase name="testSerializationDeserialization(Path)" classname="com.demo.ProductServiceTest" time="0.077"/>
</testsuite>